<?xml version="1.0" encoding="UTF-8"?>
<testsuite name="com.springboot.biz.MemberRepositoryTests" tests="1" skipped="0" failures="0" errors="0" timestamp="2025-01-23T03:39:09" hostname="DESKTOP-F7SHF55" time="0.551">
  <properties/>
  <testcase name="testRead()" classname="com.springboot.biz.MemberRepositoryTests" time="0.551"/>
  <system-out><![CDATA[12:39:04.016 [Test worker] INFO org.springframework.test.context.support.AnnotationConfigContextLoaderUtils -- Could not detect default configuration classes for test class [com.springboot.biz.MemberRepositoryTests]: MemberRepositoryTests does not declare any static, non-private, non-final, nested classes annotated with @Configuration.
12:39:04.136 [Test worker] INFO org.springframework.boot.test.context.SpringBootTestContextBootstrapper -- Found @SpringBootConfiguration com.springboot.biz.BackendApplication for test class com.springboot.biz.MemberRepositoryTests

  .   ____          _            __ _ _
 /\\ / ___'_ __ _ _(_)_ __  __ _ \ \ \ \
( ( )\___ | '_ | '_| | '_ \/ _` | \ \ \ \
 \\/  ___)| |_)| | | | | || (_| |  ) ) ) )
  '  |____| .__|_| |_|_| |_\__, | / / / /
 =========|_|==============|___/=/_/_/_/

 :: Spring Boot ::                (v3.4.1)

2025-01-23T12:39:04.542+09:00  INFO 26292 --- [Board] [    Test worker] c.springboot.biz.MemberRepositoryTests   : Starting MemberRepositoryTests using Java 21.0.5 with PID 26292 (started by hama in C:\springbootproject\Backend)
2025-01-23T12:39:04.543+09:00  INFO 26292 --- [Board] [    Test worker] c.springboot.biz.MemberRepositoryTests   : No active profile set, falling back to 1 default profile: "default"
2025-01-23T12:39:05.202+09:00  INFO 26292 --- [Board] [    Test worker] .s.d.r.c.RepositoryConfigurationDelegate : Bootstrapping Spring Data JPA repositories in DEFAULT mode.
2025-01-23T12:39:05.263+09:00  INFO 26292 --- [Board] [    Test worker] .s.d.r.c.RepositoryConfigurationDelegate : Finished Spring Data repository scanning in 50 ms. Found 2 JPA repository interfaces.
2025-01-23T12:39:05.827+09:00  INFO 26292 --- [Board] [    Test worker] o.hibernate.jpa.internal.util.LogHelper  : HHH000204: Processing PersistenceUnitInfo [name: default]
2025-01-23T12:39:05.898+09:00  INFO 26292 --- [Board] [    Test worker] org.hibernate.Version                    : HHH000412: Hibernate ORM core version 6.6.4.Final
2025-01-23T12:39:05.938+09:00  INFO 26292 --- [Board] [    Test worker] o.h.c.internal.RegionFactoryInitiator    : HHH000026: Second-level cache disabled
2025-01-23T12:39:06.275+09:00  INFO 26292 --- [Board] [    Test worker] o.s.o.j.p.SpringPersistenceUnitInfo      : No LoadTimeWeaver setup: ignoring JPA class transformer
2025-01-23T12:39:06.314+09:00  INFO 26292 --- [Board] [    Test worker] com.zaxxer.hikari.HikariDataSource       : HikariPool-1 - Starting...
2025-01-23T12:39:06.471+09:00  INFO 26292 --- [Board] [    Test worker] com.zaxxer.hikari.pool.HikariPool        : HikariPool-1 - Added connection com.mysql.cj.jdbc.ConnectionImpl@31533eb1
2025-01-23T12:39:06.473+09:00  INFO 26292 --- [Board] [    Test worker] com.zaxxer.hikari.HikariDataSource       : HikariPool-1 - Start completed.
2025-01-23T12:39:06.518+09:00  WARN 26292 --- [Board] [    Test worker] org.hibernate.orm.deprecation            : HHH90000025: MySQLDialect does not need to be specified explicitly using 'hibernate.dialect' (remove the property setting and it will be selected by default)
2025-01-23T12:39:06.536+09:00  INFO 26292 --- [Board] [    Test worker] org.hibernate.orm.connections.pooling    : HHH10001005: Database info:
	Database JDBC URL [Connecting through datasource 'HikariDataSource (HikariPool-1)']
	Database driver: undefined/unknown
	Database version: 9.1
	Autocommit mode: undefined/unknown
	Isolation level: undefined/unknown
	Minimum pool size: undefined/unknown
	Maximum pool size: undefined/unknown
2025-01-23T12:39:07.506+09:00  INFO 26292 --- [Board] [    Test worker] o.h.e.t.j.p.i.JtaPlatformInitiator       : HHH000489: No JTA platform available (set 'hibernate.transaction.jta.platform' to enable JTA platform integration)
2025-01-23T12:39:07.576+09:00  INFO 26292 --- [Board] [    Test worker] j.LocalContainerEntityManagerFactoryBean : Initialized JPA EntityManagerFactory for persistence unit 'default'
2025-01-23T12:39:07.921+09:00  WARN 26292 --- [Board] [    Test worker] JpaBaseConfiguration$JpaWebConfiguration : spring.jpa.open-in-view is enabled by default. Therefore, database queries may be performed during view rendering. Explicitly configure spring.jpa.open-in-view to disable this warning
2025-01-23T12:39:07.969+09:00  WARN 26292 --- [Board] [    Test worker] .s.s.UserDetailsServiceAutoConfiguration : 

Using generated security password: 2f7cb527-708f-45e3-bc85-938cbe43513e

This generated password is for development use only. Your security configuration must be updated before running your application in production.

2025-01-23T12:39:07.979+09:00  INFO 26292 --- [Board] [    Test worker] r$InitializeUserDetailsManagerConfigurer : Global AuthenticationManager configured with UserDetailsService bean with name inMemoryUserDetailsManager
-------시큐리티 적용--------
2025-01-23T12:39:08.052+09:00  INFO 26292 --- [Board] [    Test worker] c.s.biz.config.CustomSecurityConfig      : ********security 적용**********
2025-01-23T12:39:08.094+09:00 DEBUG 26292 --- [Board] [    Test worker] o.s.s.web.DefaultSecurityFilterChain     : Will secure any request with filters: DisableEncodeUrlFilter, WebAsyncManagerIntegrationFilter, SecurityContextHolderFilter, HeaderWriterFilter, CorsFilter, LogoutFilter, RequestCacheAwareFilter, SecurityContextHolderAwareRequestFilter, AnonymousAuthenticationFilter, SessionManagementFilter, ExceptionTranslationFilter
2025-01-23T12:39:08.597+09:00  INFO 26292 --- [Board] [    Test worker] o.s.d.j.r.query.QueryEnhancerFactory     : Hibernate is in classpath; If applicable, HQL parser will be used.
2025-01-23T12:39:09.236+09:00  INFO 26292 --- [Board] [    Test worker] c.springboot.biz.MemberRepositoryTests   : Started MemberRepositoryTests in 4.949 seconds (process running for 6.057)
Hibernate: 
    select
        m1_0.email,
        mrl1_0.member_email,
        mrl1_0.member_role_list,
        m1_0.nickname,
        m1_0.pw,
        m1_0.social 
    from
        member m1_0 
    left join
        member_member_role_list mrl1_0 
            on m1_0.email=mrl1_0.member_email 
    where
        m1_0.email=?
내가 검색한 객체 : Member(email=user0@aaa.com, nickname=USER0, pw=$2a$10$nCD6dvJUMaQn7xswiVVsJuYismHOTjXeI4.I.DMSWiuTIKUiYnr2i, social=false)
]]></system-out>
  <system-err><![CDATA[Mockito is currently self-attaching to enable the inline-mock-maker. This will no longer work in future releases of the JDK. Please add Mockito as an agent to your build what is described in Mockito's documentation: https://javadoc.io/doc/org.mockito/mockito-core/latest/org/mockito/Mockito.html#0.3
WARNING: A Java agent has been loaded dynamically (C:\Users\hama\.gradle\caches\modules-2\files-2.1\net.bytebuddy\byte-buddy-agent\1.15.11\a38b16385e867f59a641330f0362ebe742788ed8\byte-buddy-agent-1.15.11.jar)
WARNING: If a serviceability tool is in use, please run with -XX:+EnableDynamicAgentLoading to hide this warning
WARNING: If a serviceability tool is not in use, please run with -Djdk.instrument.traceUsage for more information
WARNING: Dynamic loading of agents will be disallowed by default in a future release
]]></system-err>
</testsuite>
